<?xml version="1.0" encoding="UTF-8"?>
<!-- Generated by org.testng.reporters.JUnitXMLReporter -->
<testsuite hostname="LAPTOP-U6N7CFLI" ignored="0" name="Test" tests="1" failures="0" timestamp="15 Jul 2017 10:43:55 GMT" time="0.139" errors="0">
  <testcase name="@BeforeTest initializeBrowser" time="0.036" classname="AltimetrikPackage.loginPageTestCases">
    <failure type="java.lang.NullPointerException">
      <![CDATA[java.lang.NullPointerException
	at Resources.base.browseropen(base.java:53)
	at AltimetrikPackage.loginPageTestCases.initializeBrowser(loginPageTestCases.java:25)
... Removed 23 stack frames]]>
    </failure>
  </testcase> <!-- @BeforeTest initializeBrowser -->
  <testcase name="@AfterTest closebrowser" time="0.0" classname="AltimetrikPackage.loginPageTestCases">
    <skipped/>
  </testcase> <!-- @AfterTest closebrowser -->
  <testcase name="loginPageTestCases" time="0.001" classname="AltimetrikPackage.loginPageTestCases">
    <skipped/>
  </testcase> <!-- loginPageTestCases -->
</testsuite> <!-- Test -->
